2011-10-22 19:28:24,622 [http-8080-1] ERROR StackTrace  - Sanitizing stacktrace:
groovy.lang.MissingMethodException: No signature of method: simpleguestbook.User.findById() is applicable for argument types: (java.lang.String) values: [olli]
Possible solutions: findById(java.util.List), find(java.lang.String), findAll(java.lang.String), findAll(), find(java.lang.String, java.util.Collection), findAll(java.lang.String, java.lang.Integer)
	at org.codehaus.groovy.grails.orm.hibernate.metaclass.AbstractClausedStaticPersistentMethod.doInvokeInternal(AbstractClausedStaticPersistentMethod.java:539)
	at org.codehaus.groovy.grails.orm.hibernate.metaclass.AbstractStaticPersistentMethod.invoke(AbstractStaticPersistentMethod.java:64)
	at org.codehaus.groovy.grails.orm.hibernate.metaclass.AbstractStaticPersistentMethod.invoke(AbstractStaticPersistentMethod.java:57)
	at org.codehaus.groovy.grails.commons.metaclass.StaticMethodInvocation$invoke.call(Unknown Source)
	at org.codehaus.groovy.grails.plugins.orm.hibernate.HibernatePluginSupport$_addDynamicFinderSupport_closure17.doCall(HibernatePluginSupport.groovy:466)
	at sun.reflect.NativeMethodAccessorImpl.invoke0(Native Method)
	at sun.reflect.NativeMethodAccessorImpl.invoke(NativeMethodAccessorImpl.java:39)
	at sun.reflect.DelegatingMethodAccessorImpl.invoke(DelegatingMethodAccessorImpl.java:25)
	at java.lang.reflect.Method.invoke(Method.java:597)
	at org.codehaus.groovy.reflection.CachedMethod.invoke(CachedMethod.java:90)
	at groovy.lang.MetaMethod.doMethodInvoke(MetaMethod.java:233)
	at groovy.lang.MetaClassImpl.invokeMethod(MetaClassImpl.java:1058)
	at groovy.lang.ExpandoMetaClass.invokeMethod(ExpandoMetaClass.java:1070)
	at groovy.lang.MetaClassImpl.invokeMethod(MetaClassImpl.java:886)
	at groovy.lang.Closure.call(Closure.java:282)
	at org.codehaus.groovy.runtime.metaclass.ClosureStaticMetaMethod.invoke(ClosureStaticMetaMethod.java:59)
	at groovy.lang.MetaClassImpl.invokeStaticMissingMethod(MetaClassImpl.java:1355)
	at groovy.lang.MetaClassImpl.invokeStaticMethod(MetaClassImpl.java:1343)
	at groovy.lang.ExpandoMetaClass.invokeStaticMethod(ExpandoMetaClass.java:1082)
	at org.codehaus.groovy.runtime.callsite.StaticMetaClassSite.call(StaticMetaClassSite.java:50)
	at org.codehaus.groovy.runtime.callsite.CallSiteArray.defaultCall(CallSiteArray.java:40)
	at org.codehaus.groovy.runtime.callsite.AbstractCallSite.call(AbstractCallSite.java:116)
	at org.codehaus.groovy.runtime.callsite.AbstractCallSite.call(AbstractCallSite.java:124)
	at simpleguestbook.GuestbookEntryController$_closure3.doCall(GuestbookEntryController.groovy:39)
	at sun.reflect.NativeMethodAccessorImpl.invoke0(Native Method)
	at sun.reflect.NativeMethodAccessorImpl.invoke(NativeMethodAccessorImpl.java:39)
	at sun.reflect.DelegatingMethodAccessorImpl.invoke(DelegatingMethodAccessorImpl.java:25)
	at java.lang.reflect.Method.invoke(Method.java:597)
	at org.codehaus.groovy.runtime.callsite.PogoMetaMethodSite$PogoCachedMethodSite.invoke(PogoMetaMethodSite.java:225)
	at org.codehaus.groovy.runtime.callsite.PogoMetaMethodSite.callCurrent(PogoMetaMethodSite.java:51)
	at org.codehaus.groovy.runtime.callsite.AbstractCallSite.callCurrent(AbstractCallSite.java:149)
	at simpleguestbook.GuestbookEntryController$_closure3.doCall(GuestbookEntryController.groovy)
	at sun.reflect.NativeMethodAccessorImpl.invoke0(Native Method)
	at sun.reflect.NativeMethodAccessorImpl.invoke(NativeMethodAccessorImpl.java:39)
	at sun.reflect.DelegatingMethodAccessorImpl.invoke(DelegatingMethodAccessorImpl.java:25)
	at java.lang.reflect.Method.invoke(Method.java:597)
	at org.codehaus.groovy.reflection.CachedMethod.invoke(CachedMethod.java:90)
	at groovy.lang.MetaMethod.doMethodInvoke(MetaMethod.java:233)
	at groovy.lang.MetaClassImpl.invokeMethod(MetaClassImpl.java:1058)
	at groovy.lang.ExpandoMetaClass.invokeMethod(ExpandoMetaClass.java:1070)
	at groovy.lang.MetaClassImpl.invokeMethod(MetaClassImpl.java:886)
	at groovy.lang.Closure.call(Closure.java:282)
	at groovy.lang.Closure.call(Closure.java:277)
	at org.codehaus.groovy.grails.web.servlet.mvc.SimpleGrailsControllerHelper.handleAction(SimpleGrailsControllerHelper.java:368)
	at org.codehaus.groovy.grails.web.servlet.mvc.SimpleGrailsControllerHelper.executeAction(SimpleGrailsControllerHelper.java:232)
	at org.codehaus.groovy.grails.web.servlet.mvc.SimpleGrailsControllerHelper.handleURI(SimpleGrailsControllerHelper.java:190)
	at org.codehaus.groovy.grails.web.servlet.mvc.SimpleGrailsControllerHelper.handleURI(SimpleGrailsControllerHelper.java:129)
	at org.codehaus.groovy.grails.web.servlet.mvc.SimpleGrailsController.handleRequest(SimpleGrailsController.java:73)
	at org.springframework.web.servlet.mvc.SimpleControllerHandlerAdapter.handle(SimpleControllerHandlerAdapter.java:48)
	at org.codehaus.groovy.grails.web.servlet.GrailsDispatcherServlet.doDispatch(GrailsDispatcherServlet.java:292)
	at org.springframework.web.servlet.DispatcherServlet.doService(DispatcherServlet.java:719)
	at org.springframework.web.servlet.FrameworkServlet.processRequest(FrameworkServlet.java:644)
	at org.springframework.web.servlet.FrameworkServlet.doPost(FrameworkServlet.java:560)
	at javax.servlet.http.HttpServlet.service(HttpServlet.java:727)
	at javax.servlet.http.HttpServlet.service(HttpServlet.java:820)
	at org.apache.catalina.core.ApplicationFilterChain.internalDoFilter(ApplicationFilterChain.java:290)
	at org.apache.catalina.core.ApplicationFilterChain.doFilter(ApplicationFilterChain.java:206)
	at org.springframework.web.filter.OncePerRequestFilter.doFilter(OncePerRequestFilter.java:70)
	at org.apache.catalina.core.ApplicationFilterChain.internalDoFilter(ApplicationFilterChain.java:235)
	at org.apache.catalina.core.ApplicationFilterChain.doFilter(ApplicationFilterChain.java:206)
	at org.springframework.web.filter.OncePerRequestFilter.doFilter(OncePerRequestFilter.java:70)
	at org.apache.catalina.core.ApplicationFilterChain.internalDoFilter(ApplicationFilterChain.java:235)
	at org.apache.catalina.core.ApplicationFilterChain.doFilter(ApplicationFilterChain.java:206)
	at org.springframework.web.filter.OncePerRequestFilter.doFilter(OncePerRequestFilter.java:70)
	at org.apache.catalina.core.ApplicationFilterChain.internalDoFilter(ApplicationFilterChain.java:235)
	at org.apache.catalina.core.ApplicationFilterChain.doFilter(ApplicationFilterChain.java:206)
	at org.springframework.web.filter.OncePerRequestFilter.doFilter(OncePerRequestFilter.java:70)
	at org.apache.catalina.core.ApplicationFilterChain.internalDoFilter(ApplicationFilterChain.java:235)
	at org.apache.catalina.core.ApplicationFilterChain.doFilter(ApplicationFilterChain.java:206)
	at org.apache.catalina.core.ApplicationDispatcher.invoke(ApplicationDispatcher.java:646)
	at org.apache.catalina.core.ApplicationDispatcher.processRequest(ApplicationDispatcher.java:436)
	at org.apache.catalina.core.ApplicationDispatcher.doForward(ApplicationDispatcher.java:374)
	at org.apache.catalina.core.ApplicationDispatcher.forward(ApplicationDispatcher.java:302)
	at org.codehaus.groovy.grails.web.util.WebUtils.forwardRequestForUrlMappingInfo(WebUtils.java:298)
	at org.codehaus.groovy.grails.web.util.WebUtils.forwardRequestForUrlMappingInfo(WebUtils.java:264)
	at org.codehaus.groovy.grails.web.util.WebUtils.forwardRequestForUrlMappingInfo(WebUtils.java:255)
	at org.codehaus.groovy.grails.web.mapping.filter.UrlMappingsFilter.doFilterInternal(UrlMappingsFilter.java:183)
	at org.springframework.web.filter.OncePerRequestFilter.doFilter(OncePerRequestFilter.java:76)
	at org.apache.catalina.core.ApplicationFilterChain.internalDoFilter(ApplicationFilterChain.java:235)
	at org.apache.catalina.core.ApplicationFilterChain.doFilter(ApplicationFilterChain.java:206)
	at org.codehaus.groovy.grails.web.sitemesh.GrailsPageFilter.obtainContent(GrailsPageFilter.java:245)
	at org.codehaus.groovy.grails.web.sitemesh.GrailsPageFilter.doFilter(GrailsPageFilter.java:134)
	at org.apache.catalina.core.ApplicationFilterChain.internalDoFilter(ApplicationFilterChain.java:235)
	at org.apache.catalina.core.ApplicationFilterChain.doFilter(ApplicationFilterChain.java:206)
	at org.codehaus.groovy.grails.web.servlet.filter.GrailsReloadServletFilter.doFilterInternal(GrailsReloadServletFilter.java:104)
	at org.springframework.web.filter.OncePerRequestFilter.doFilter(OncePerRequestFilter.java:76)
	at org.apache.catalina.core.ApplicationFilterChain.internalDoFilter(ApplicationFilterChain.java:235)
	at org.apache.catalina.core.ApplicationFilterChain.doFilter(ApplicationFilterChain.java:206)
	at org.codehaus.groovy.grails.web.servlet.mvc.GrailsWebRequestFilter.doFilterInternal(GrailsWebRequestFilter.java:69)
	at org.springframework.web.filter.OncePerRequestFilter.doFilter(OncePerRequestFilter.java:76)
	at org.apache.catalina.core.ApplicationFilterChain.internalDoFilter(ApplicationFilterChain.java:235)
	at org.apache.catalina.core.ApplicationFilterChain.doFilter(ApplicationFilterChain.java:206)
	at org.codehaus.groovy.grails.web.filters.HiddenHttpMethodFilter.doFilterInternal(HiddenHttpMethodFilter.java:65)
	at org.springframework.web.filter.OncePerRequestFilter.doFilter(OncePerRequestFilter.java:76)
	at org.apache.catalina.core.ApplicationFilterChain.internalDoFilter(ApplicationFilterChain.java:235)
	at org.apache.catalina.core.ApplicationFilterChain.doFilter(ApplicationFilterChain.java:206)
	at org.springframework.web.filter.CharacterEncodingFilter.doFilterInternal(CharacterEncodingFilter.java:88)
	at org.springframework.web.filter.OncePerRequestFilter.doFilter(OncePerRequestFilter.java:76)
	at org.springframework.web.filter.DelegatingFilterProxy.invokeDelegate(DelegatingFilterProxy.java:237)
	at org.springframework.web.filter.DelegatingFilterProxy.doFilter(DelegatingFilterProxy.java:167)
	at org.apache.catalina.core.ApplicationFilterChain.internalDoFilter(ApplicationFilterChain.java:235)
	at org.apache.catalina.core.ApplicationFilterChain.doFilter(ApplicationFilterChain.java:206)
	at org.apache.catalina.core.StandardWrapperValve.invoke(StandardWrapperValve.java:233)
	at org.apache.catalina.core.StandardContextValve.invoke(StandardContextValve.java:191)
	at org.apache.catalina.core.StandardHostValve.invoke(StandardHostValve.java:128)
	at org.apache.catalina.valves.ErrorReportValve.invoke(ErrorReportValve.java:102)
	at org.apache.catalina.core.StandardEngineValve.invoke(StandardEngineValve.java:109)
	at org.apache.catalina.connector.CoyoteAdapter.service(CoyoteAdapter.java:293)
	at org.apache.coyote.http11.Http11Processor.process(Http11Processor.java:849)
	at org.apache.coyote.http11.Http11Protocol$Http11ConnectionHandler.process(Http11Protocol.java:583)
	at org.apache.tomcat.util.net.JIoEndpoint$Worker.run(JIoEndpoint.java:454)
	at java.lang.Thread.run(Thread.java:680)
2011-10-22 19:28:24,663 [http-8080-1] ERROR StackTrace  - Sanitizing stacktrace:
org.codehaus.groovy.runtime.InvokerInvocationException: groovy.lang.MissingMethodException: No signature of method: simpleguestbook.User.findById() is applicable for argument types: (java.lang.String) values: [olli]
Possible solutions: findById(java.util.List), find(java.lang.String), findAll(java.lang.String), findAll(), find(java.lang.String, java.util.Collection), findAll(java.lang.String, java.lang.Integer)
	at org.codehaus.groovy.reflection.CachedMethod.invoke(CachedMethod.java:97)
	at groovy.lang.MetaMethod.doMethodInvoke(MetaMethod.java:233)
	at groovy.lang.MetaClassImpl.invokeMethod(MetaClassImpl.java:1058)
	at groovy.lang.ExpandoMetaClass.invokeMethod(ExpandoMetaClass.java:1070)
	at groovy.lang.MetaClassImpl.invokeMethod(MetaClassImpl.java:886)
	at groovy.lang.Closure.call(Closure.java:282)
	at groovy.lang.Closure.call(Closure.java:277)
	at org.codehaus.groovy.grails.web.servlet.mvc.SimpleGrailsControllerHelper.handleAction(SimpleGrailsControllerHelper.java:368)
	at org.codehaus.groovy.grails.web.servlet.mvc.SimpleGrailsControllerHelper.executeAction(SimpleGrailsControllerHelper.java:232)
	at org.codehaus.groovy.grails.web.servlet.mvc.SimpleGrailsControllerHelper.handleURI(SimpleGrailsControllerHelper.java:190)
	at org.codehaus.groovy.grails.web.servlet.mvc.SimpleGrailsControllerHelper.handleURI(SimpleGrailsControllerHelper.java:129)
	at org.codehaus.groovy.grails.web.servlet.mvc.SimpleGrailsController.handleRequest(SimpleGrailsController.java:73)
	at org.springframework.web.servlet.mvc.SimpleControllerHandlerAdapter.handle(SimpleControllerHandlerAdapter.java:48)
	at org.codehaus.groovy.grails.web.servlet.GrailsDispatcherServlet.doDispatch(GrailsDispatcherServlet.java:292)
	at org.springframework.web.servlet.DispatcherServlet.doService(DispatcherServlet.java:719)
	at org.springframework.web.servlet.FrameworkServlet.processRequest(FrameworkServlet.java:644)
	at org.springframework.web.servlet.FrameworkServlet.doPost(FrameworkServlet.java:560)
	at javax.servlet.http.HttpServlet.service(HttpServlet.java:727)
	at javax.servlet.http.HttpServlet.service(HttpServlet.java:820)
	at org.apache.catalina.core.ApplicationFilterChain.internalDoFilter(ApplicationFilterChain.java:290)
	at org.apache.catalina.core.ApplicationFilterChain.doFilter(ApplicationFilterChain.java:206)
	at org.springframework.web.filter.OncePerRequestFilter.doFilter(OncePerRequestFilter.java:70)
	at org.apache.catalina.core.ApplicationFilterChain.internalDoFilter(ApplicationFilterChain.java:235)
	at org.apache.catalina.core.ApplicationFilterChain.doFilter(ApplicationFilterChain.java:206)
	at org.springframework.web.filter.OncePerRequestFilter.doFilter(OncePerRequestFilter.java:70)
	at org.apache.catalina.core.ApplicationFilterChain.internalDoFilter(ApplicationFilterChain.java:235)
	at org.apache.catalina.core.ApplicationFilterChain.doFilter(ApplicationFilterChain.java:206)
	at org.springframework.web.filter.OncePerRequestFilter.doFilter(OncePerRequestFilter.java:70)
	at org.apache.catalina.core.ApplicationFilterChain.internalDoFilter(ApplicationFilterChain.java:235)
	at org.apache.catalina.core.ApplicationFilterChain.doFilter(ApplicationFilterChain.java:206)
	at org.springframework.web.filter.OncePerRequestFilter.doFilter(OncePerRequestFilter.java:70)
	at org.apache.catalina.core.ApplicationFilterChain.internalDoFilter(ApplicationFilterChain.java:235)
	at org.apache.catalina.core.ApplicationFilterChain.doFilter(ApplicationFilterChain.java:206)
	at org.apache.catalina.core.ApplicationDispatcher.invoke(ApplicationDispatcher.java:646)
	at org.apache.catalina.core.ApplicationDispatcher.processRequest(ApplicationDispatcher.java:436)
	at org.apache.catalina.core.ApplicationDispatcher.doForward(ApplicationDispatcher.java:374)
	at org.apache.catalina.core.ApplicationDispatcher.forward(ApplicationDispatcher.java:302)
	at org.codehaus.groovy.grails.web.util.WebUtils.forwardRequestForUrlMappingInfo(WebUtils.java:298)
	at org.codehaus.groovy.grails.web.util.WebUtils.forwardRequestForUrlMappingInfo(WebUtils.java:264)
	at org.codehaus.groovy.grails.web.util.WebUtils.forwardRequestForUrlMappingInfo(WebUtils.java:255)
	at org.codehaus.groovy.grails.web.mapping.filter.UrlMappingsFilter.doFilterInternal(UrlMappingsFilter.java:183)
	at org.springframework.web.filter.OncePerRequestFilter.doFilter(OncePerRequestFilter.java:76)
	at org.apache.catalina.core.ApplicationFilterChain.internalDoFilter(ApplicationFilterChain.java:235)
	at org.apache.catalina.core.ApplicationFilterChain.doFilter(ApplicationFilterChain.java:206)
	at org.codehaus.groovy.grails.web.sitemesh.GrailsPageFilter.obtainContent(GrailsPageFilter.java:245)
	at org.codehaus.groovy.grails.web.sitemesh.GrailsPageFilter.doFilter(GrailsPageFilter.java:134)
	at org.apache.catalina.core.ApplicationFilterChain.internalDoFilter(ApplicationFilterChain.java:235)
	at org.apache.catalina.core.ApplicationFilterChain.doFilter(ApplicationFilterChain.java:206)
	at org.codehaus.groovy.grails.web.servlet.filter.GrailsReloadServletFilter.doFilterInternal(GrailsReloadServletFilter.java:104)
	at org.springframework.web.filter.OncePerRequestFilter.doFilter(OncePerRequestFilter.java:76)
	at org.apache.catalina.core.ApplicationFilterChain.internalDoFilter(ApplicationFilterChain.java:235)
	at org.apache.catalina.core.ApplicationFilterChain.doFilter(ApplicationFilterChain.java:206)
	at org.codehaus.groovy.grails.web.servlet.mvc.GrailsWebRequestFilter.doFilterInternal(GrailsWebRequestFilter.java:69)
	at org.springframework.web.filter.OncePerRequestFilter.doFilter(OncePerRequestFilter.java:76)
	at org.apache.catalina.core.ApplicationFilterChain.internalDoFilter(ApplicationFilterChain.java:235)
	at org.apache.catalina.core.ApplicationFilterChain.doFilter(ApplicationFilterChain.java:206)
	at org.codehaus.groovy.grails.web.filters.HiddenHttpMethodFilter.doFilterInternal(HiddenHttpMethodFilter.java:65)
	at org.springframework.web.filter.OncePerRequestFilter.doFilter(OncePerRequestFilter.java:76)
	at org.apache.catalina.core.ApplicationFilterChain.internalDoFilter(ApplicationFilterChain.java:235)
	at org.apache.catalina.core.ApplicationFilterChain.doFilter(ApplicationFilterChain.java:206)
	at org.springframework.web.filter.CharacterEncodingFilter.doFilterInternal(CharacterEncodingFilter.java:88)
	at org.springframework.web.filter.OncePerRequestFilter.doFilter(OncePerRequestFilter.java:76)
	at org.springframework.web.filter.DelegatingFilterProxy.invokeDelegate(DelegatingFilterProxy.java:237)
	at org.springframework.web.filter.DelegatingFilterProxy.doFilter(DelegatingFilterProxy.java:167)
	at org.apache.catalina.core.ApplicationFilterChain.internalDoFilter(ApplicationFilterChain.java:235)
	at org.apache.catalina.core.ApplicationFilterChain.doFilter(ApplicationFilterChain.java:206)
	at org.apache.catalina.core.StandardWrapperValve.invoke(StandardWrapperValve.java:233)
	at org.apache.catalina.core.StandardContextValve.invoke(StandardContextValve.java:191)
	at org.apache.catalina.core.StandardHostValve.invoke(StandardHostValve.java:128)
	at org.apache.catalina.valves.ErrorReportValve.invoke(ErrorReportValve.java:102)
	at org.apache.catalina.core.StandardEngineValve.invoke(StandardEngineValve.java:109)
	at org.apache.catalina.connector.CoyoteAdapter.service(CoyoteAdapter.java:293)
	at org.apache.coyote.http11.Http11Processor.process(Http11Processor.java:849)
	at org.apache.coyote.http11.Http11Protocol$Http11ConnectionHandler.process(Http11Protocol.java:583)
	at org.apache.tomcat.util.net.JIoEndpoint$Worker.run(JIoEndpoint.java:454)
	at java.lang.Thread.run(Thread.java:680)
Caused by: groovy.lang.MissingMethodException: No signature of method: simpleguestbook.User.findById() is applicable for argument types: (java.lang.String) values: [olli]
Possible solutions: findById(java.util.List), find(java.lang.String), findAll(java.lang.String), findAll(), find(java.lang.String, java.util.Collection), findAll(java.lang.String, java.lang.Integer)
	at simpleguestbook.GuestbookEntryController$_closure3.doCall(GuestbookEntryController.groovy:39)
	at simpleguestbook.GuestbookEntryController$_closure3.doCall(GuestbookEntryController.groovy)
	... 1 more
2011-10-22 19:28:24,761 [http-8080-1] ERROR StackTrace  - Sanitizing stacktrace:
org.codehaus.groovy.runtime.InvokerInvocationException: groovy.lang.MissingMethodException: No signature of method: simpleguestbook.User.findById() is applicable for argument types: (java.lang.String) values: [olli]
Possible solutions: findById(java.util.List), find(java.lang.String), findAll(java.lang.String), findAll(), find(java.lang.String, java.util.Collection), findAll(java.lang.String, java.lang.Integer)
	at java.lang.Thread.run(Thread.java:680)
Caused by: groovy.lang.MissingMethodException: No signature of method: simpleguestbook.User.findById() is applicable for argument types: (java.lang.String) values: [olli]
Possible solutions: findById(java.util.List), find(java.lang.String), findAll(java.lang.String), findAll(), find(java.lang.String, java.util.Collection), findAll(java.lang.String, java.lang.Integer)
	at simpleguestbook.GuestbookEntryController$_closure3.doCall(GuestbookEntryController.groovy:39)
	at simpleguestbook.GuestbookEntryController$_closure3.doCall(GuestbookEntryController.groovy)
	... 1 more
2011-10-22 19:28:24,764 [http-8080-1] ERROR StackTrace  - Sanitizing stacktrace:
groovy.lang.MissingMethodException: No signature of method: simpleguestbook.User.findById() is applicable for argument types: (java.lang.String) values: [olli]
Possible solutions: findById(java.util.List), find(java.lang.String), findAll(java.lang.String), findAll(), find(java.lang.String, java.util.Collection), findAll(java.lang.String, java.lang.Integer)
	at simpleguestbook.GuestbookEntryController$_closure3.doCall(GuestbookEntryController.groovy:39)
	at simpleguestbook.GuestbookEntryController$_closure3.doCall(GuestbookEntryController.groovy)
	at java.lang.Thread.run(Thread.java:680)
2011-10-22 19:28:24,766 [http-8080-1] ERROR StackTrace  - Sanitizing stacktrace:
org.codehaus.groovy.grails.web.servlet.mvc.exceptions.ControllerExecutionException: Executing action [create] of controller [simpleguestbook.GuestbookEntryController]  caused exception: groovy.lang.MissingMethodException: No signature of method: simpleguestbook.User.findById() is applicable for argument types: (java.lang.String) values: [olli]
Possible solutions: findById(java.util.List), find(java.lang.String), findAll(java.lang.String), findAll(), find(java.lang.String, java.util.Collection), findAll(java.lang.String, java.lang.Integer)
	at org.codehaus.groovy.grails.web.servlet.mvc.SimpleGrailsControllerHelper.executeAction(SimpleGrailsControllerHelper.java:238)
	at org.codehaus.groovy.grails.web.servlet.mvc.SimpleGrailsControllerHelper.handleURI(SimpleGrailsControllerHelper.java:190)
	at org.codehaus.groovy.grails.web.servlet.mvc.SimpleGrailsControllerHelper.handleURI(SimpleGrailsControllerHelper.java:129)
	at org.codehaus.groovy.grails.web.servlet.mvc.SimpleGrailsController.handleRequest(SimpleGrailsController.java:73)
	at org.springframework.web.servlet.mvc.SimpleControllerHandlerAdapter.handle(SimpleControllerHandlerAdapter.java:48)
	at org.codehaus.groovy.grails.web.servlet.GrailsDispatcherServlet.doDispatch(GrailsDispatcherServlet.java:292)
	at org.springframework.web.servlet.DispatcherServlet.doService(DispatcherServlet.java:719)
	at org.springframework.web.servlet.FrameworkServlet.processRequest(FrameworkServlet.java:644)
	at org.springframework.web.servlet.FrameworkServlet.doPost(FrameworkServlet.java:560)
	at javax.servlet.http.HttpServlet.service(HttpServlet.java:727)
	at javax.servlet.http.HttpServlet.service(HttpServlet.java:820)
	at org.apache.catalina.core.ApplicationFilterChain.internalDoFilter(ApplicationFilterChain.java:290)
	at org.apache.catalina.core.ApplicationFilterChain.doFilter(ApplicationFilterChain.java:206)
	at org.springframework.web.filter.OncePerRequestFilter.doFilter(OncePerRequestFilter.java:70)
	at org.apache.catalina.core.ApplicationFilterChain.internalDoFilter(ApplicationFilterChain.java:235)
	at org.apache.catalina.core.ApplicationFilterChain.doFilter(ApplicationFilterChain.java:206)
	at org.springframework.web.filter.OncePerRequestFilter.doFilter(OncePerRequestFilter.java:70)
	at org.apache.catalina.core.ApplicationFilterChain.internalDoFilter(ApplicationFilterChain.java:235)
	at org.apache.catalina.core.ApplicationFilterChain.doFilter(ApplicationFilterChain.java:206)
	at org.springframework.web.filter.OncePerRequestFilter.doFilter(OncePerRequestFilter.java:70)
	at org.apache.catalina.core.ApplicationFilterChain.internalDoFilter(ApplicationFilterChain.java:235)
	at org.apache.catalina.core.ApplicationFilterChain.doFilter(ApplicationFilterChain.java:206)
	at org.springframework.web.filter.OncePerRequestFilter.doFilter(OncePerRequestFilter.java:70)
	at org.apache.catalina.core.ApplicationFilterChain.internalDoFilter(ApplicationFilterChain.java:235)
	at org.apache.catalina.core.ApplicationFilterChain.doFilter(ApplicationFilterChain.java:206)
	at org.apache.catalina.core.ApplicationDispatcher.invoke(ApplicationDispatcher.java:646)
	at org.apache.catalina.core.ApplicationDispatcher.processRequest(ApplicationDispatcher.java:436)
	at org.apache.catalina.core.ApplicationDispatcher.doForward(ApplicationDispatcher.java:374)
	at org.apache.catalina.core.ApplicationDispatcher.forward(ApplicationDispatcher.java:302)
	at org.codehaus.groovy.grails.web.util.WebUtils.forwardRequestForUrlMappingInfo(WebUtils.java:298)
	at org.codehaus.groovy.grails.web.util.WebUtils.forwardRequestForUrlMappingInfo(WebUtils.java:264)
	at org.codehaus.groovy.grails.web.util.WebUtils.forwardRequestForUrlMappingInfo(WebUtils.java:255)
	at org.codehaus.groovy.grails.web.mapping.filter.UrlMappingsFilter.doFilterInternal(UrlMappingsFilter.java:183)
	at org.springframework.web.filter.OncePerRequestFilter.doFilter(OncePerRequestFilter.java:76)
	at org.apache.catalina.core.ApplicationFilterChain.internalDoFilter(ApplicationFilterChain.java:235)
	at org.apache.catalina.core.ApplicationFilterChain.doFilter(ApplicationFilterChain.java:206)
	at org.codehaus.groovy.grails.web.sitemesh.GrailsPageFilter.obtainContent(GrailsPageFilter.java:245)
	at org.codehaus.groovy.grails.web.sitemesh.GrailsPageFilter.doFilter(GrailsPageFilter.java:134)
	at org.apache.catalina.core.ApplicationFilterChain.internalDoFilter(ApplicationFilterChain.java:235)
	at org.apache.catalina.core.ApplicationFilterChain.doFilter(ApplicationFilterChain.java:206)
	at org.codehaus.groovy.grails.web.servlet.filter.GrailsReloadServletFilter.doFilterInternal(GrailsReloadServletFilter.java:104)
	at org.springframework.web.filter.OncePerRequestFilter.doFilter(OncePerRequestFilter.java:76)
	at org.apache.catalina.core.ApplicationFilterChain.internalDoFilter(ApplicationFilterChain.java:235)
	at org.apache.catalina.core.ApplicationFilterChain.doFilter(ApplicationFilterChain.java:206)
	at org.codehaus.groovy.grails.web.servlet.mvc.GrailsWebRequestFilter.doFilterInternal(GrailsWebRequestFilter.java:69)
	at org.springframework.web.filter.OncePerRequestFilter.doFilter(OncePerRequestFilter.java:76)
	at org.apache.catalina.core.ApplicationFilterChain.internalDoFilter(ApplicationFilterChain.java:235)
	at org.apache.catalina.core.ApplicationFilterChain.doFilter(ApplicationFilterChain.java:206)
	at org.codehaus.groovy.grails.web.filters.HiddenHttpMethodFilter.doFilterInternal(HiddenHttpMethodFilter.java:65)
	at org.springframework.web.filter.OncePerRequestFilter.doFilter(OncePerRequestFilter.java:76)
	at org.apache.catalina.core.ApplicationFilterChain.internalDoFilter(ApplicationFilterChain.java:235)
	at org.apache.catalina.core.ApplicationFilterChain.doFilter(ApplicationFilterChain.java:206)
	at org.springframework.web.filter.CharacterEncodingFilter.doFilterInternal(CharacterEncodingFilter.java:88)
	at org.springframework.web.filter.OncePerRequestFilter.doFilter(OncePerRequestFilter.java:76)
	at org.springframework.web.filter.DelegatingFilterProxy.invokeDelegate(DelegatingFilterProxy.java:237)
	at org.springframework.web.filter.DelegatingFilterProxy.doFilter(DelegatingFilterProxy.java:167)
	at org.apache.catalina.core.ApplicationFilterChain.internalDoFilter(ApplicationFilterChain.java:235)
	at org.apache.catalina.core.ApplicationFilterChain.doFilter(ApplicationFilterChain.java:206)
	at org.apache.catalina.core.StandardWrapperValve.invoke(StandardWrapperValve.java:233)
	at org.apache.catalina.core.StandardContextValve.invoke(StandardContextValve.java:191)
	at org.apache.catalina.core.StandardHostValve.invoke(StandardHostValve.java:128)
	at org.apache.catalina.valves.ErrorReportValve.invoke(ErrorReportValve.java:102)
	at org.apache.catalina.core.StandardEngineValve.invoke(StandardEngineValve.java:109)
	at org.apache.catalina.connector.CoyoteAdapter.service(CoyoteAdapter.java:293)
	at org.apache.coyote.http11.Http11Processor.process(Http11Processor.java:849)
	at org.apache.coyote.http11.Http11Protocol$Http11ConnectionHandler.process(Http11Protocol.java:583)
	at org.apache.tomcat.util.net.JIoEndpoint$Worker.run(JIoEndpoint.java:454)
	at java.lang.Thread.run(Thread.java:680)
Caused by: org.codehaus.groovy.runtime.InvokerInvocationException: groovy.lang.MissingMethodException: No signature of method: simpleguestbook.User.findById() is applicable for argument types: (java.lang.String) values: [olli]
Possible solutions: findById(java.util.List), find(java.lang.String), findAll(java.lang.String), findAll(), find(java.lang.String, java.util.Collection), findAll(java.lang.String, java.lang.Integer)
	... 1 more
Caused by: groovy.lang.MissingMethodException: No signature of method: simpleguestbook.User.findById() is applicable for argument types: (java.lang.String) values: [olli]
Possible solutions: findById(java.util.List), find(java.lang.String), findAll(java.lang.String), findAll(), find(java.lang.String, java.util.Collection), findAll(java.lang.String, java.lang.Integer)
	at simpleguestbook.GuestbookEntryController$_closure3.doCall(GuestbookEntryController.groovy:39)
	at simpleguestbook.GuestbookEntryController$_closure3.doCall(GuestbookEntryController.groovy)
	... 1 more
2011-10-22 19:28:24,783 [http-8080-1] ERROR StackTrace  - Sanitizing stacktrace:
groovy.lang.MissingMethodException: No signature of method: simpleguestbook.User.findById() is applicable for argument types: (java.lang.String) values: [olli]
Possible solutions: findById(java.util.List), find(java.lang.String), findAll(java.lang.String), findAll(), find(java.lang.String, java.util.Collection), findAll(java.lang.String, java.lang.Integer)
	at simpleguestbook.GuestbookEntryController$_closure3.doCall(GuestbookEntryController.groovy:39)
	at simpleguestbook.GuestbookEntryController$_closure3.doCall(GuestbookEntryController.groovy)
	at java.lang.Thread.run(Thread.java:680)
